<?xml version="1.0" encoding="UTF-8"?>
<!-- Generated by org.testng.reporters.JUnitReportReporter -->
<testsuite hostname="DESKTOP-8GU1FPD" name="com.ddfw.punj.testcases.TestCaseD" tests="4" failures="0" timestamp="13 Sep 2018 09:03:19 GMT" time="36.807" errors="0">
  <testcase name="test1" time="8.726" classname="com.ddfw.punj.testcases.TestCaseD"/>
  <testcase name="test2" time="11.963" classname="com.ddfw.punj.testcases.TestCaseD"/>
  <testcase name="test4" time="5.277" classname="com.ddfw.punj.testcases.TestCaseD"/>
  <testcase name="test3" time="10.841" classname="com.ddfw.punj.testcases.TestCaseD"/>
</testsuite> <!-- com.ddfw.punj.testcases.TestCaseD -->
