<?xml version="1.0" encoding="UTF-8"?>
<!-- Generated by org.testng.reporters.JUnitReportReporter -->
<testsuite hostname="DESKTOP-8GU1FPD" name="com.ddfw.punj.testcases.TestCaseA" tests="12" failures="0" timestamp="14 Sep 2018 09:45:49 GMT" time="131.732" errors="0">
  <testcase name="test2" time="14.087" classname="com.ddfw.punj.testcases.TestCaseA"/>
  <testcase name="test4" time="8.473" classname="com.ddfw.punj.testcases.TestCaseA"/>
  <testcase name="test3" time="12.917" classname="com.ddfw.punj.testcases.TestCaseA"/>
  <testcase name="test4" time="5.625" classname="com.ddfw.punj.testcases.TestCaseA"/>
  <testcase name="test1" time="10.568" classname="com.ddfw.punj.testcases.TestCaseA"/>
  <testcase name="test1" time="13.924" classname="com.ddfw.punj.testcases.TestCaseA"/>
  <testcase name="test3" time="10.138" classname="com.ddfw.punj.testcases.TestCaseA"/>
  <testcase name="test2" time="13.678" classname="com.ddfw.punj.testcases.TestCaseA"/>
  <testcase name="test3" time="9.798" classname="com.ddfw.punj.testcases.TestCaseA"/>
  <testcase name="test1" time="9.880" classname="com.ddfw.punj.testcases.TestCaseA"/>
  <testcase name="test4" time="5.938" classname="com.ddfw.punj.testcases.TestCaseA"/>
  <testcase name="test2" time="16.706" classname="com.ddfw.punj.testcases.TestCaseA"/>
</testsuite> <!-- com.ddfw.punj.testcases.TestCaseA -->
