<?xml version="1.0" encoding="UTF-8"?>
<!-- Generated by org.testng.reporters.JUnitReportReporter -->
<testsuite hostname="DESKTOP-8GU1FPD" name="com.ddfw.punj.testcases.TestCaseB" tests="4" failures="0" timestamp="13 Sep 2018 09:03:19 GMT" time="34.567" errors="0">
  <testcase name="test3" time="10.983" classname="com.ddfw.punj.testcases.TestCaseB"/>
  <testcase name="test2" time="10.851" classname="com.ddfw.punj.testcases.TestCaseB"/>
  <testcase name="test1" time="7.616" classname="com.ddfw.punj.testcases.TestCaseB"/>
  <testcase name="test4" time="5.117" classname="com.ddfw.punj.testcases.TestCaseB"/>
</testsuite> <!-- com.ddfw.punj.testcases.TestCaseB -->
