<?xml version="1.0" encoding="UTF-8"?>
<!-- Generated by org.testng.reporters.JUnitReportReporter -->
<testsuite hostname="DESKTOP-8GU1FPD" name="com.ddfw.punj.testcases.TestCaseA" tests="12" failures="0" timestamp="13 Sep 2018 11:10:32 GMT" time="158.530" errors="0">
  <testcase name="test1" time="12.547" classname="com.ddfw.punj.testcases.TestCaseA"/>
  <testcase name="test3" time="16.085" classname="com.ddfw.punj.testcases.TestCaseA"/>
  <testcase name="test2" time="15.981" classname="com.ddfw.punj.testcases.TestCaseA"/>
  <testcase name="test2" time="15.860" classname="com.ddfw.punj.testcases.TestCaseA"/>
  <testcase name="test2" time="15.687" classname="com.ddfw.punj.testcases.TestCaseA"/>
  <testcase name="test4" time="8.323" classname="com.ddfw.punj.testcases.TestCaseA"/>
  <testcase name="test3" time="12.251" classname="com.ddfw.punj.testcases.TestCaseA"/>
  <testcase name="test4" time="6.487" classname="com.ddfw.punj.testcases.TestCaseA"/>
  <testcase name="test1" time="15.797" classname="com.ddfw.punj.testcases.TestCaseA"/>
  <testcase name="test3" time="12.593" classname="com.ddfw.punj.testcases.TestCaseA"/>
  <testcase name="test1" time="19.799" classname="com.ddfw.punj.testcases.TestCaseA"/>
  <testcase name="test4" time="7.120" classname="com.ddfw.punj.testcases.TestCaseA"/>
</testsuite> <!-- com.ddfw.punj.testcases.TestCaseA -->
